app/build/outputs/apk/manifest-merger-debug-report.txt
-- Merging decision tree log ---
manifest
ADDED from AndroidManifest.xml:22:1
	package
		ADDED from AndroidManifest.xml:23:5
		INJECTED from AndroidManifest.xml:0:0
		INJECTED from AndroidManifest.xml:0:0
	xmlns:android
		ADDED from AndroidManifest.xml:22:11
uses-permission#android.permission.READ_CONTACTS
ADDED from AndroidManifest.xml:25:5
	android:name
		ADDED from AndroidManifest.xml:25:22
uses-permission#android.permission.WRITE_CONTACTS
ADDED from AndroidManifest.xml:26:5
	android:name
		ADDED from AndroidManifest.xml:26:22
uses-permission#android.permission.VIBRATE
ADDED from AndroidManifest.xml:27:5
	android:name
		ADDED from AndroidManifest.xml:27:22
uses-permission#android.permission.ACCESS_COARSE_LOCATION
ADDED from AndroidManifest.xml:28:5
	android:name
		ADDED from AndroidManifest.xml:28:22
uses-permission#android.permission.INTERNET
ADDED from AndroidManifest.xml:29:5
	android:name
		ADDED from AndroidManifest.xml:29:22
uses-permission#android.permission.SET_WALLPAPER
ADDED from AndroidManifest.xml:30:5
	android:name
		ADDED from AndroidManifest.xml:30:22
uses-permission#android.permission.WRITE_EXTERNAL_STORAGE
ADDED from AndroidManifest.xml:31:5
	android:name
		ADDED from AndroidManifest.xml:31:22
uses-permission#android.permission.SEND_SMS
ADDED from AndroidManifest.xml:32:5
	android:name
		ADDED from AndroidManifest.xml:32:22
uses-permission#android.permission.RECEIVE_SMS
ADDED from AndroidManifest.xml:33:5
	android:name
		ADDED from AndroidManifest.xml:33:22
uses-permission#android.permission.RECEIVE_MMS
ADDED from AndroidManifest.xml:34:5
	android:name
		ADDED from AndroidManifest.xml:34:22
uses-permission#android.permission.WRITE_SMS
ADDED from AndroidManifest.xml:35:5
	android:name
		ADDED from AndroidManifest.xml:35:22
uses-permission#android.permission.READ_SMS
ADDED from AndroidManifest.xml:36:5
	android:name
		ADDED from AndroidManifest.xml:36:22
uses-permission#android.permission.NFC
ADDED from AndroidManifest.xml:37:5
	android:name
		ADDED from AndroidManifest.xml:37:22
uses-permission#android.permission.TRANSMIT_IR
ADDED from AndroidManifest.xml:38:5
	android:name
		ADDED from AndroidManifest.xml:38:22
uses-permission#android.permission.READ_PHONE_STATE
ADDED from AndroidManifest.xml:39:5
	android:name
		ADDED from AndroidManifest.xml:39:22
uses-permission#android.permission.RECORD_AUDIO
ADDED from AndroidManifest.xml:42:5
	android:name
		ADDED from AndroidManifest.xml:42:22
uses-sdk
ADDED from AndroidManifest.xml:44:5
MERGED from com.android.support:support-v4:21.0.2:15:5
	android:targetSdkVersion
		ADDED from AndroidManifest.xml:46:9
	android:minSdkVersion
		ADDED from AndroidManifest.xml:45:9
uses-permission#android.permission.CAMERA
ADDED from AndroidManifest.xml:50:5
	android:name
		ADDED from AndroidManifest.xml:50:22
uses-feature#android.hardware.camera
ADDED from AndroidManifest.xml:51:5
	android:name
		ADDED from AndroidManifest.xml:51:19
uses-feature#android.hardware.camera.autofocus
ADDED from AndroidManifest.xml:52:5
	android:required
		ADDED from AndroidManifest.xml:52:68
	android:name
		ADDED from AndroidManifest.xml:52:19
application
ADDED from AndroidManifest.xml:54:5
MERGED from com.android.support:support-v4:21.0.2:16:5
	android:label
		ADDED from AndroidManifest.xml:55:13
	android:supportsRtl
		ADDED from AndroidManifest.xml:58:13
	android:hardwareAccelerated
		ADDED from AndroidManifest.xml:57:13
	android:icon
		ADDED from AndroidManifest.xml:56:13
	android:name
		ADDED from AndroidManifest.xml:54:18
uses-library#com.example.will.never.exist
ADDED from AndroidManifest.xml:62:9
	android:required
		ADDED from AndroidManifest.xml:62:67
	android:name
		ADDED from AndroidManifest.xml:62:23
activity#com.example.android.apis.ApiDemos
ADDED from AndroidManifest.xml:64:9
	android:name
		ADDED from AndroidManifest.xml:64:19
intent-filter#android.intent.action.MAIN+android.intent.category.DEFAULT+android.intent.category.LAUNCHER
ADDED from AndroidManifest.xml:65:13
action#android.intent.action.MAIN
ADDED from AndroidManifest.xml:66:17
	android:name
		ADDED from AndroidManifest.xml:66:25
category#android.intent.category.DEFAULT
ADDED from AndroidManifest.xml:67:17
	android:name
		ADDED from AndroidManifest.xml:67:27
category#android.intent.category.LAUNCHER
ADDED from AndroidManifest.xml:68:17
	android:name
		ADDED from AndroidManifest.xml:68:27
activity#com.example.android.apis.app.HelloWorld
ADDED from AndroidManifest.xml:78:9
	android:label
		ADDED from AndroidManifest.xml:78:50
	android:name
		ADDED from AndroidManifest.xml:78:19
intent-filter#android.intent.action.MAIN+android.intent.category.SAMPLE_CODE
ADDED from AndroidManifest.xml:79:13
category#android.intent.category.SAMPLE_CODE
ADDED from AndroidManifest.xml:81:17
	android:name
		ADDED from AndroidManifest.xml:81:27
activity#com.example.android.apis.app.DialogActivity
ADDED from AndroidManifest.xml:85:9
	android:label
		ADDED from AndroidManifest.xml:86:17
	android:theme
		ADDED from AndroidManifest.xml:87:17
	android:name
		ADDED from AndroidManifest.xml:85:19
activity#com.example.android.apis.app.CustomDialogActivity
ADDED from AndroidManifest.xml:94:9
	android:label
		ADDED from AndroidManifest.xml:95:17
	android:theme
		ADDED from AndroidManifest.xml:96:17
	android:name
		ADDED from AndroidManifest.xml:94:19
activity#com.example.android.apis.app.OverscanActivity
ADDED from AndroidManifest.xml:103:9
	android:enabled
		ADDED from AndroidManifest.xml:106:17
	android:label
		ADDED from AndroidManifest.xml:104:17
	android:theme
		ADDED from AndroidManifest.xml:105:17
	android:name
		ADDED from AndroidManifest.xml:103:19
activity#com.example.android.apis.app.QuickContactsDemo
ADDED from AndroidManifest.xml:113:8
	android:label
		ADDED from AndroidManifest.xml:114:17
	android:name
		ADDED from AndroidManifest.xml:113:18
activity#com.example.android.apis.app.WallpaperActivity
ADDED from AndroidManifest.xml:121:9
	android:label
		ADDED from AndroidManifest.xml:122:17
	android:theme
		ADDED from AndroidManifest.xml:123:17
	android:name
		ADDED from AndroidManifest.xml:121:19
activity#com.example.android.apis.app.TranslucentActivity
ADDED from AndroidManifest.xml:130:9
	android:label
		ADDED from AndroidManifest.xml:131:17
	android:theme
		ADDED from AndroidManifest.xml:132:17
	android:name
		ADDED from AndroidManifest.xml:130:19
activity#com.example.android.apis.app.TranslucentBlurActivity
ADDED from AndroidManifest.xml:139:9
	android:label
		ADDED from AndroidManifest.xml:140:17
	android:theme
		ADDED from AndroidManifest.xml:141:17
	android:name
		ADDED from AndroidManifest.xml:139:19
activity#com.example.android.apis.app.Animation
ADDED from AndroidManifest.xml:148:9
	android:label
		ADDED from AndroidManifest.xml:148:49
	android:name
		ADDED from AndroidManifest.xml:148:19
activity#com.example.android.apis.app.SaveRestoreState
ADDED from AndroidManifest.xml:155:9
	android:label
		ADDED from AndroidManifest.xml:156:17
	android:windowSoftInputMode
		ADDED from AndroidManifest.xml:157:17
	android:name
		ADDED from AndroidManifest.xml:155:19
activity#com.example.android.apis.app.PersistentState
ADDED from AndroidManifest.xml:164:9
	android:label
		ADDED from AndroidManifest.xml:165:17
	android:windowSoftInputMode
		ADDED from AndroidManifest.xml:166:17
	android:name
		ADDED from AndroidManifest.xml:164:19
activity#com.example.android.apis.app.ActivityRecreate
ADDED from AndroidManifest.xml:173:9
	android:enabled
		ADDED from AndroidManifest.xml:175:17
	android:label
		ADDED from AndroidManifest.xml:174:17
	android:name
		ADDED from AndroidManifest.xml:173:19
activity#com.example.android.apis.app.FinishAffinity
ADDED from AndroidManifest.xml:182:9
	android:enabled
		ADDED from AndroidManifest.xml:185:17
	android:label
		ADDED from AndroidManifest.xml:183:17
	android:taskAffinity
		ADDED from AndroidManifest.xml:184:17
	android:name
		ADDED from AndroidManifest.xml:182:19
activity#com.example.android.apis.app.SoftInputModes
ADDED from AndroidManifest.xml:192:9
	android:label
		ADDED from AndroidManifest.xml:193:17
	android:name
		ADDED from AndroidManifest.xml:192:19
activity#com.example.android.apis.app.ReceiveResult
ADDED from AndroidManifest.xml:200:9
	android:label
		ADDED from AndroidManifest.xml:200:53
	android:name
		ADDED from AndroidManifest.xml:200:19
activity#com.example.android.apis.app.SendResult
ADDED from AndroidManifest.xml:207:9
	android:theme
		ADDED from AndroidManifest.xml:208:17
	android:name
		ADDED from AndroidManifest.xml:207:19
activity#com.example.android.apis.app.Forwarding
ADDED from AndroidManifest.xml:211:9
	android:label
		ADDED from AndroidManifest.xml:211:50
	android:name
		ADDED from AndroidManifest.xml:211:19
activity#com.example.android.apis.app.ForwardTarget
ADDED from AndroidManifest.xml:218:9
	android:name
		ADDED from AndroidManifest.xml:218:19
activity#com.example.android.apis.app.RedirectEnter
ADDED from AndroidManifest.xml:221:9
	android:label
		ADDED from AndroidManifest.xml:221:53
	android:name
		ADDED from AndroidManifest.xml:221:19
activity#com.example.android.apis.app.RedirectMain
ADDED from AndroidManifest.xml:228:9
	android:name
		ADDED from AndroidManifest.xml:228:19
activity#com.example.android.apis.app.RedirectGetter
ADDED from AndroidManifest.xml:231:9
	android:name
		ADDED from AndroidManifest.xml:231:19
activity#com.example.android.apis.app.CustomTitle
ADDED from AndroidManifest.xml:236:9
	android:label
		ADDED from AndroidManifest.xml:237:17
	android:windowSoftInputMode
		ADDED from AndroidManifest.xml:238:17
	android:theme
		ADDED from AndroidManifest.xml:239:17
	android:name
		ADDED from AndroidManifest.xml:236:19
activity#com.example.android.apis.app.ReorderOnLaunch
ADDED from AndroidManifest.xml:246:9
	android:label
		ADDED from AndroidManifest.xml:247:17
	android:name
		ADDED from AndroidManifest.xml:246:19
activity#com.example.android.apis.app.RotationAnimation
ADDED from AndroidManifest.xml:254:9
	android:label
		ADDED from AndroidManifest.xml:255:17
	android:name
		ADDED from AndroidManifest.xml:254:19
activity#com.example.android.apis.app.ReorderTwo
ADDED from AndroidManifest.xml:262:9
	android:name
		ADDED from AndroidManifest.xml:262:19
activity#com.example.android.apis.app.ReorderThree
ADDED from AndroidManifest.xml:263:9
	android:name
		ADDED from AndroidManifest.xml:263:19
activity#com.example.android.apis.app.ReorderFour
ADDED from AndroidManifest.xml:264:9
	android:name
		ADDED from AndroidManifest.xml:264:19
activity#com.example.android.apis.app.SetWallpaperActivity
ADDED from AndroidManifest.xml:266:9
	android:label
		ADDED from AndroidManifest.xml:267:19
	android:name
		ADDED from AndroidManifest.xml:266:19
activity#com.example.android.apis.app.ScreenOrientation
ADDED from AndroidManifest.xml:274:9
	android:label
		ADDED from AndroidManifest.xml:275:19
	android:name
		ADDED from AndroidManifest.xml:274:19
activity#com.example.android.apis.app.PresentationActivity
ADDED from AndroidManifest.xml:282:9
	android:label
		ADDED from AndroidManifest.xml:283:17
	android:name
		ADDED from AndroidManifest.xml:282:19
activity#com.example.android.apis.app.PresentationWithMediaRouterActivity
ADDED from AndroidManifest.xml:290:9
	android:label
		ADDED from AndroidManifest.xml:291:17
	android:name
		ADDED from AndroidManifest.xml:290:19
activity#com.example.android.apis.app.SecureWindowActivity
ADDED from AndroidManifest.xml:298:9
	android:label
		ADDED from AndroidManifest.xml:299:17
	android:name
		ADDED from AndroidManifest.xml:298:19
activity#com.example.android.apis.app.SecureDialogActivity
ADDED from AndroidManifest.xml:306:9
	android:label
		ADDED from AndroidManifest.xml:307:17
	android:name
		ADDED from AndroidManifest.xml:306:19
activity#com.example.android.apis.app.SecureSurfaceViewActivity
ADDED from AndroidManifest.xml:314:9
	android:label
		ADDED from AndroidManifest.xml:315:17
	android:name
		ADDED from AndroidManifest.xml:314:19
activity#com.example.android.apis.app.FragmentAlertDialog
ADDED from AndroidManifest.xml:324:9
	android:enabled
		ADDED from AndroidManifest.xml:326:17
	android:label
		ADDED from AndroidManifest.xml:325:17
	android:name
		ADDED from AndroidManifest.xml:324:19
activity#com.example.android.apis.app.FragmentArguments
ADDED from AndroidManifest.xml:333:9
	android:enabled
		ADDED from AndroidManifest.xml:335:17
	android:label
		ADDED from AndroidManifest.xml:334:17
	android:name
		ADDED from AndroidManifest.xml:333:19
activity#com.example.android.apis.app.FragmentCustomAnimations
ADDED from AndroidManifest.xml:342:9
	android:enabled
		ADDED from AndroidManifest.xml:344:17
	android:label
		ADDED from AndroidManifest.xml:343:17
	android:name
		ADDED from AndroidManifest.xml:342:19
activity#com.example.android.apis.app.FragmentHideShow
ADDED from AndroidManifest.xml:351:9
	android:enabled
		ADDED from AndroidManifest.xml:354:17
	android:label
		ADDED from AndroidManifest.xml:352:17
	android:windowSoftInputMode
		ADDED from AndroidManifest.xml:353:17
	android:name
		ADDED from AndroidManifest.xml:351:19
activity#com.example.android.apis.app.FragmentContextMenu
ADDED from AndroidManifest.xml:361:9
	android:enabled
		ADDED from AndroidManifest.xml:363:17
	android:label
		ADDED from AndroidManifest.xml:362:17
	android:name
		ADDED from AndroidManifest.xml:361:19
activity#com.example.android.apis.app.FragmentDialog
ADDED from AndroidManifest.xml:370:9
	android:enabled
		ADDED from AndroidManifest.xml:372:17
	android:label
		ADDED from AndroidManifest.xml:371:17
	android:name
		ADDED from AndroidManifest.xml:370:19
activity#com.example.android.apis.app.FragmentDialogOrActivity
ADDED from AndroidManifest.xml:379:9
	android:enabled
		ADDED from AndroidManifest.xml:381:17
	android:label
		ADDED from AndroidManifest.xml:380:17
	android:name
		ADDED from AndroidManifest.xml:379:19
activity#com.example.android.apis.app.FragmentLayout
ADDED from AndroidManifest.xml:388:9
	android:enabled
		ADDED from AndroidManifest.xml:390:17
	android:label
		ADDED from AndroidManifest.xml:389:17
	android:name
		ADDED from AndroidManifest.xml:388:19
activity#com.example.android.apis.app.FragmentLayout$DetailsActivity
ADDED from AndroidManifest.xml:397:9
	android:enabled
		ADDED from AndroidManifest.xml:398:17
	android:name
		ADDED from AndroidManifest.xml:397:19
activity#com.example.android.apis.app.FragmentListArray
ADDED from AndroidManifest.xml:400:9
	android:enabled
		ADDED from AndroidManifest.xml:402:17
	android:label
		ADDED from AndroidManifest.xml:401:17
	android:name
		ADDED from AndroidManifest.xml:400:19
activity#com.example.android.apis.app.FragmentMenu
ADDED from AndroidManifest.xml:409:9
	android:enabled
		ADDED from AndroidManifest.xml:411:17
	android:label
		ADDED from AndroidManifest.xml:410:17
	android:name
		ADDED from AndroidManifest.xml:409:19
activity#com.example.android.apis.app.FragmentNestingTabs
ADDED from AndroidManifest.xml:418:9
	android:enabled
		ADDED from AndroidManifest.xml:420:17
	android:label
		ADDED from AndroidManifest.xml:419:17
	android:name
		ADDED from AndroidManifest.xml:418:19
activity#com.example.android.apis.app.FragmentRetainInstance
ADDED from AndroidManifest.xml:427:9
	android:enabled
		ADDED from AndroidManifest.xml:429:17
	android:label
		ADDED from AndroidManifest.xml:428:17
	android:name
		ADDED from AndroidManifest.xml:427:19
activity#com.example.android.apis.app.FragmentReceiveResult
ADDED from AndroidManifest.xml:436:9
	android:enabled
		ADDED from AndroidManifest.xml:438:17
	android:label
		ADDED from AndroidManifest.xml:437:17
	android:name
		ADDED from AndroidManifest.xml:436:19
activity#com.example.android.apis.app.FragmentStack
ADDED from AndroidManifest.xml:445:9
	android:enabled
		ADDED from AndroidManifest.xml:447:17
	android:label
		ADDED from AndroidManifest.xml:446:17
	android:name
		ADDED from AndroidManifest.xml:445:19
activity#com.example.android.apis.app.FragmentTabs
ADDED from AndroidManifest.xml:454:9
	android:enabled
		ADDED from AndroidManifest.xml:456:17
	android:label
		ADDED from AndroidManifest.xml:455:17
	android:name
		ADDED from AndroidManifest.xml:454:19
activity#com.example.android.apis.app.LoaderCursor
ADDED from AndroidManifest.xml:465:9
	android:enabled
		ADDED from AndroidManifest.xml:467:17
	android:label
		ADDED from AndroidManifest.xml:466:17
	android:name
		ADDED from AndroidManifest.xml:465:19
activity#com.example.android.apis.app.LoaderCustom
ADDED from AndroidManifest.xml:474:9
	android:enabled
		ADDED from AndroidManifest.xml:476:17
	android:label
		ADDED from AndroidManifest.xml:475:17
	android:name
		ADDED from AndroidManifest.xml:474:19
activity#com.example.android.apis.app.LoaderThrottle
ADDED from AndroidManifest.xml:484:9
	android:enabled
		ADDED from AndroidManifest.xml:486:17
	android:label
		ADDED from AndroidManifest.xml:485:17
	android:name
		ADDED from AndroidManifest.xml:484:19
provider#com.example.android.apis.app.LoaderThrottle$SimpleProvider
ADDED from AndroidManifest.xml:492:9
	android:authorities
		ADDED from AndroidManifest.xml:493:19
	android:enabled
		ADDED from AndroidManifest.xml:494:19
	android:name
		ADDED from AndroidManifest.xml:492:19
activity#com.example.android.apis.app.LoaderRetained
ADDED from AndroidManifest.xml:497:9
	android:enabled
		ADDED from AndroidManifest.xml:499:17
	android:label
		ADDED from AndroidManifest.xml:498:17
	android:name
		ADDED from AndroidManifest.xml:497:19
activity#com.example.android.apis.app.Intents
ADDED from AndroidManifest.xml:508:9
	android:label
		ADDED from AndroidManifest.xml:508:47
	android:name
		ADDED from AndroidManifest.xml:508:19
activity#com.example.android.apis.app.IntentActivityFlags
ADDED from AndroidManifest.xml:515:9
	android:label
		ADDED from AndroidManifest.xml:516:17
	android:name
		ADDED from AndroidManifest.xml:515:19
service#com.example.android.apis.app.LocalService
ADDED from AndroidManifest.xml:525:9
	android:stopWithTask
		ADDED from AndroidManifest.xml:525:51
	android:name
		ADDED from AndroidManifest.xml:525:18
activity#com.example.android.apis.app.LocalServiceActivities$Controller
ADDED from AndroidManifest.xml:527:9
	android:label
		ADDED from AndroidManifest.xml:528:17
	android:launchMode
		ADDED from AndroidManifest.xml:529:17
	android:name
		ADDED from AndroidManifest.xml:527:19
activity#com.example.android.apis.app.LocalServiceActivities$Binding
ADDED from AndroidManifest.xml:536:9
	android:label
		ADDED from AndroidManifest.xml:537:17
	android:name
		ADDED from AndroidManifest.xml:536:19
service#com.example.android.apis.app.MessengerService
ADDED from AndroidManifest.xml:545:9
	android:process
		ADDED from AndroidManifest.xml:546:17
	android:name
		ADDED from AndroidManifest.xml:545:18
activity#com.example.android.apis.app.MessengerServiceActivities$Binding
ADDED from AndroidManifest.xml:549:9
	android:label
		ADDED from AndroidManifest.xml:550:17
	android:name
		ADDED from AndroidManifest.xml:549:19
service#com.example.android.apis.app.RemoteService
ADDED from AndroidManifest.xml:557:9
	android:process
		ADDED from AndroidManifest.xml:557:52
	android:name
		ADDED from AndroidManifest.xml:557:18
intent-filter#com.example.android.apis.app.IRemoteService+com.example.android.apis.app.ISecondary+com.example.android.apis.app.REMOTE_SERVICE
ADDED from AndroidManifest.xml:558:13
action#com.example.android.apis.app.IRemoteService
ADDED from AndroidManifest.xml:561:17
	android:name
		ADDED from AndroidManifest.xml:561:25
action#com.example.android.apis.app.ISecondary
ADDED from AndroidManifest.xml:562:17
	android:name
		ADDED from AndroidManifest.xml:562:25
action#com.example.android.apis.app.REMOTE_SERVICE
ADDED from AndroidManifest.xml:565:17
	android:name
		ADDED from AndroidManifest.xml:565:25
activity#com.example.android.apis.app.RemoteService$Controller
ADDED from AndroidManifest.xml:569:9
	android:label
		ADDED from AndroidManifest.xml:570:17
	android:launchMode
		ADDED from AndroidManifest.xml:571:17
	android:name
		ADDED from AndroidManifest.xml:569:19
activity#com.example.android.apis.app.RemoteService$Binding
ADDED from AndroidManifest.xml:578:9
	android:label
		ADDED from AndroidManifest.xml:579:17
	android:name
		ADDED from AndroidManifest.xml:578:19
activity#com.example.android.apis.app.RemoteService$BindingOptions
ADDED from AndroidManifest.xml:586:9
	android:label
		ADDED from AndroidManifest.xml:587:17
	android:name
		ADDED from AndroidManifest.xml:586:19
service#com.example.android.apis.app.ServiceStartArguments
ADDED from AndroidManifest.xml:594:9
	android:name
		ADDED from AndroidManifest.xml:594:18
activity#com.example.android.apis.app.ServiceStartArguments$Controller
ADDED from AndroidManifest.xml:596:9
	android:label
		ADDED from AndroidManifest.xml:597:17
	android:launchMode
		ADDED from AndroidManifest.xml:598:17
	android:name
		ADDED from AndroidManifest.xml:596:19
service#com.example.android.apis.app.ForegroundService
ADDED from AndroidManifest.xml:605:9
	android:name
		ADDED from AndroidManifest.xml:605:18
activity#com.example.android.apis.app.ForegroundService$Controller
ADDED from AndroidManifest.xml:607:9
	android:label
		ADDED from AndroidManifest.xml:608:17
	android:launchMode
		ADDED from AndroidManifest.xml:609:17
	android:name
		ADDED from AndroidManifest.xml:607:19
activity#com.example.android.apis.app.IsolatedService$Controller
ADDED from AndroidManifest.xml:616:9
	android:enabled
		ADDED from AndroidManifest.xml:619:17
	android:label
		ADDED from AndroidManifest.xml:617:17
	android:launchMode
		ADDED from AndroidManifest.xml:618:17
	android:name
		ADDED from AndroidManifest.xml:616:19
service#com.example.android.apis.app.IsolatedService
ADDED from AndroidManifest.xml:626:9
	android:enabled
		ADDED from AndroidManifest.xml:627:17
	android:isolatedProcess
		ADDED from AndroidManifest.xml:626:54
	android:name
		ADDED from AndroidManifest.xml:626:18
service#com.example.android.apis.app.IsolatedService2
ADDED from AndroidManifest.xml:628:9
	android:enabled
		ADDED from AndroidManifest.xml:629:17
	android:isolatedProcess
		ADDED from AndroidManifest.xml:628:55
	android:name
		ADDED from AndroidManifest.xml:628:18
receiver#com.example.android.apis.app.OneShotAlarm
ADDED from AndroidManifest.xml:633:9
	android:process
		ADDED from AndroidManifest.xml:633:52
	android:name
		ADDED from AndroidManifest.xml:633:19
receiver#com.example.android.apis.app.RepeatingAlarm
ADDED from AndroidManifest.xml:635:9
	android:process
		ADDED from AndroidManifest.xml:635:54
	android:name
		ADDED from AndroidManifest.xml:635:19
activity#com.example.android.apis.app.AlarmController
ADDED from AndroidManifest.xml:637:9
	android:label
		ADDED from AndroidManifest.xml:637:55
	android:name
		ADDED from AndroidManifest.xml:637:19
service#com.example.android.apis.app.AlarmService_Service
ADDED from AndroidManifest.xml:644:9
	android:process
		ADDED from AndroidManifest.xml:644:59
	android:name
		ADDED from AndroidManifest.xml:644:18
activity#com.example.android.apis.app.AlarmService
ADDED from AndroidManifest.xml:646:9
	android:label
		ADDED from AndroidManifest.xml:646:52
	android:name
		ADDED from AndroidManifest.xml:646:19
receiver#com.example.android.apis.app.DoNothing
ADDED from AndroidManifest.xml:655:9
	android:process
		ADDED from AndroidManifest.xml:656:17
	android:exported
		ADDED from AndroidManifest.xml:656:42
	android:name
		ADDED from AndroidManifest.xml:655:19
activity#com.example.android.apis.accessibility.ClockBackActivity
ADDED from AndroidManifest.xml:662:9
	android:label
		ADDED from AndroidManifest.xml:663:13
	android:name
		ADDED from AndroidManifest.xml:662:19
service#com.example.android.apis.accessibility.ClockBackService
ADDED from AndroidManifest.xml:670:9
	android:label
		ADDED from AndroidManifest.xml:671:13
	android:permission
		ADDED from AndroidManifest.xml:672:13
	android:name
		ADDED from AndroidManifest.xml:670:18
intent-filter#android.accessibilityservice.AccessibilityService
ADDED from AndroidManifest.xml:673:13
action#android.accessibilityservice.AccessibilityService
ADDED from AndroidManifest.xml:674:17
	android:name
		ADDED from AndroidManifest.xml:674:25
activity#com.example.android.apis.accessibility.TaskListActivity
ADDED from AndroidManifest.xml:678:9
	android:enabled
		ADDED from AndroidManifest.xml:680:19
	android:label
		ADDED from AndroidManifest.xml:679:19
	android:name
		ADDED from AndroidManifest.xml:678:19
service#com.example.android.apis.accessibility.TaskBackService
ADDED from AndroidManifest.xml:687:9
	android:enabled
		ADDED from AndroidManifest.xml:689:18
	android:label
		ADDED from AndroidManifest.xml:688:18
	android:permission
		ADDED from AndroidManifest.xml:690:18
	android:name
		ADDED from AndroidManifest.xml:687:18
meta-data#android.accessibilityservice
ADDED from AndroidManifest.xml:694:13
	android:resource
		ADDED from AndroidManifest.xml:696:17
	android:name
		ADDED from AndroidManifest.xml:695:17
activity#com.example.android.apis.accessibility.CustomViewAccessibilityActivity
ADDED from AndroidManifest.xml:699:9
	android:enabled
		ADDED from AndroidManifest.xml:701:19
	android:label
		ADDED from AndroidManifest.xml:700:19
	android:name
		ADDED from AndroidManifest.xml:699:19
activity#com.example.android.apis.app.LocalSample
ADDED from AndroidManifest.xml:710:9
	android:label
		ADDED from AndroidManifest.xml:710:51
	android:name
		ADDED from AndroidManifest.xml:710:19
intent-filter#android.intent.action.MAIN
ADDED from AndroidManifest.xml:711:13
activity#com.example.android.apis.app.ContactsFilter
ADDED from AndroidManifest.xml:717:9
	android:label
		ADDED from AndroidManifest.xml:717:54
	android:name
		ADDED from AndroidManifest.xml:717:19
activity#com.example.android.apis.app.NotifyWithText
ADDED from AndroidManifest.xml:727:9
	android:label
		ADDED from AndroidManifest.xml:727:54
	android:name
		ADDED from AndroidManifest.xml:727:19
activity#com.example.android.apis.app.IncomingMessage
ADDED from AndroidManifest.xml:734:9
	android:label
		ADDED from AndroidManifest.xml:735:17
	android:name
		ADDED from AndroidManifest.xml:734:19
activity#com.example.android.apis.app.IncomingMessageView
ADDED from AndroidManifest.xml:742:9
	android:label
		ADDED from AndroidManifest.xml:743:17
	android:name
		ADDED from AndroidManifest.xml:742:19
activity#com.example.android.apis.app.IncomingMessageInterstitial
ADDED from AndroidManifest.xml:747:9
	android:label
		ADDED from AndroidManifest.xml:748:17
	android:excludeFromRecents
		ADDED from AndroidManifest.xml:752:17
	android:launchMode
		ADDED from AndroidManifest.xml:750:17
	android:theme
		ADDED from AndroidManifest.xml:749:17
	android:taskAffinity
		ADDED from AndroidManifest.xml:751:17
	android:name
		ADDED from AndroidManifest.xml:747:19
activity#com.example.android.apis.app.NotificationDisplay
ADDED from AndroidManifest.xml:760:9
	android:excludeFromRecents
		ADDED from AndroidManifest.xml:763:17
	android:noHistory
		ADDED from AndroidManifest.xml:764:17
	android:theme
		ADDED from AndroidManifest.xml:761:17
	android:taskAffinity
		ADDED from AndroidManifest.xml:762:17
	android:name
		ADDED from AndroidManifest.xml:760:19
activity#com.example.android.apis.app.StatusBarNotifications
ADDED from AndroidManifest.xml:767:9
	android:label
		ADDED from AndroidManifest.xml:768:17
	android:launchMode
		ADDED from AndroidManifest.xml:769:17
	android:name
		ADDED from AndroidManifest.xml:767:19
service#com.example.android.apis.app.NotifyingService
ADDED from AndroidManifest.xml:776:9
	android:name
		ADDED from AndroidManifest.xml:776:18
activity#com.example.android.apis.app.NotifyingController
ADDED from AndroidManifest.xml:778:9
	android:label
		ADDED from AndroidManifest.xml:778:59
	android:name
		ADDED from AndroidManifest.xml:778:19
activity#com.example.android.apis.app.AlertDialogSamples
ADDED from AndroidManifest.xml:786:9
	android:label
		ADDED from AndroidManifest.xml:786:58
	android:name
		ADDED from AndroidManifest.xml:786:19
activity#com.example.android.apis.app.SearchInvoke
ADDED from AndroidManifest.xml:800:9
	android:label
		ADDED from AndroidManifest.xml:801:19
	android:name
		ADDED from AndroidManifest.xml:800:19
meta-data#android.app.default_searchable
ADDED from AndroidManifest.xml:809:13
	android:value
		ADDED from AndroidManifest.xml:810:24
	android:name
		ADDED from AndroidManifest.xml:809:24
activity#com.example.android.apis.app.SearchQueryResults
ADDED from AndroidManifest.xml:824:9
	android:label
		ADDED from AndroidManifest.xml:825:19
	android:name
		ADDED from AndroidManifest.xml:824:19
intent-filter#android.intent.action.SEARCH+android.intent.category.DEFAULT
ADDED from AndroidManifest.xml:833:13
action#android.intent.action.SEARCH
ADDED from AndroidManifest.xml:834:17
	android:name
		ADDED from AndroidManifest.xml:834:25
meta-data#android.app.searchable
ADDED from AndroidManifest.xml:841:13
	android:resource
		ADDED from AndroidManifest.xml:842:24
	android:name
		ADDED from AndroidManifest.xml:841:24
provider#com.example.android.apis.app.SearchSuggestionSampleProvider
ADDED from AndroidManifest.xml:848:9
	android:authorities
		ADDED from AndroidManifest.xml:849:19
	android:name
		ADDED from AndroidManifest.xml:848:19
activity#com.example.android.apis.app.LauncherShortcuts
ADDED from AndroidManifest.xml:874:9
	android:label
		ADDED from AndroidManifest.xml:875:19
	android:name
		ADDED from AndroidManifest.xml:874:19
activity-alias#com.example.android.apis.app.CreateShortcuts
ADDED from AndroidManifest.xml:887:9
	android:label
		ADDED from AndroidManifest.xml:889:13
	android:targetActivity
		ADDED from AndroidManifest.xml:888:13
	android:name
		ADDED from AndroidManifest.xml:887:25
intent-filter#android.intent.action.CREATE_SHORTCUT+android.intent.category.DEFAULT
ADDED from AndroidManifest.xml:892:13
action#android.intent.action.CREATE_SHORTCUT
ADDED from AndroidManifest.xml:893:17
	android:name
		ADDED from AndroidManifest.xml:893:25
activity#com.example.android.apis.app.MenuInflateFromXml
ADDED from AndroidManifest.xml:901:9
	android:label